<?xml version="1.0" encoding="UTF-8"?>
<!-- Generated by org.testng.reporters.JUnitReportReporter -->
<testsuite hostname="MRINMOY" failures="0" tests="1" name="com.crm.vtiger.Demo.LoginUsingParameterTest" time="14.395" errors="0" timestamp="2022-03-23T13:05:06 IST" skipped="0">
  <testcase classname="com.crm.vtiger.Demo.LoginUsingParameterTest" name="getData" time="14.395"/>
  <system-out/>
</testsuite> <!-- com.crm.vtiger.Demo.LoginUsingParameterTest -->
