<?xml version="1.0" encoding="UTF-8"?>
<!-- Generated by org.testng.reporters.JUnitReportReporter -->
<testsuite hostname="MRINMOY" failures="0" tests="1" name="com.crm.vtiger.Demo.ParametersTest" time="0.008" errors="0" timestamp="2022-03-23T12:35:07 IST" skipped="0">
  <testcase classname="com.crm.vtiger.Demo.ParametersTest" name="gettingData" time="0.008"/>
  <system-out/>
</testsuite> <!-- com.crm.vtiger.Demo.ParametersTest -->
